{ "by" : "max", "room":"teamtreff", "msg" : "geht wieder", "ts" : 1406575519390, "xmppid" : "purpleed2ce865", "_id" : ObjectId("53d6a39f097a061372000001") }
{ "by" : "max", "room":"teamtreff", "msg" : "https://app.dropme.de/mw/bilder/2014-07-29-werkstatt-steckdose.jpg", "ts" : 1406650045291, "xmppid" : "kTxx7-1716", "_id" : ObjectId("53d7c6bd097a061372001bf1") }
{ "by" : "max", "room":"teamtreff", "msg" : "was hältst du von meiner installation? ;)", "ts" : 1406650051569, "xmppid" : "kTxx7-1717", "_id" : ObjectId("53d7c6c3097a061372001bf2") }
{ "by" : "elmar-mobil", "room":"teamtreff", "msg" : "super", "ts" : 1406650204584, "xmppid" : "e2lhK-986", "_id" : ObjectId("53d7c75c097a061372001bf3") }
{ "by" : "elmar-mobil", "room":"teamtreff", "msg" : "kommst du zum abendessen?", "ts" : 1406651172713, "xmppid" : "e2lhK-987", "_id" : ObjectId("53d7cb24097a061372001bf4") }
{ "by" : "manuelklumpp", "room":"teamtreff", "msg" : "hallo ihr, ich weiß gar nicht, in welchen chats ich euch jetzt finde?", "ts" : 1406667025291, "xmppid" : "purpledc036773", "_id" : ObjectId("53d80911097a061372001bf5") }
{ "by" : "max", "room":"teamtreff", "msg" : "Bist richtig ;) ", "ts" : 1406667053409, "xmppid" : "fce1e6e5-57eb-4a3d-a025-16d0850e9428", "_id" : ObjectId("53d8092d097a061372001bf6") }
{ "by" : "manuelklumpp", "room":"teamtreff", "msg" : "wieso ist dann LX nicht drin?", "ts" : 1406667072226, "xmppid" : "purpledc036774", "_id" : ObjectId("53d80940097a061372001bf7") }
{ "by" : "max", "room":"teamtreff", "msg" : "Ich weiß nicht ", "ts" : 1406667080637, "xmppid" : "c9da0107-acd0-4e64-ac27-34549b8d73f9", "_id" : ObjectId("53d80948097a061372001bf8") }
{ "by" : "manuelklumpp", "room":"teamtreff", "msg" : "kann es sein, dass man immer noch raus fliegt, sobald man offline ist?", "ts" : 1406667096011, "xmppid" : "purpledc036775", "_id" : ObjectId("53d80958097a061372001bf9") }
{ "by" : "max", "room":"teamtreff", "msg" : "Ja sicher ", "ts" : 1406667107849, "xmppid" : "4fcb26fa-f672-42b4-aa8c-795693b84b3c", "_id" : ObjectId("53d80963097a061372001bfa") }
{ "by" : "max", "room":"teamtreff", "msg" : "Würde mich jedenfalls wundern, wenn sich das spontan geändert hätte ", "ts" : 1406667144800, "xmppid" : "f5fe15d1-819e-47ab-8d9a-1a41a723eeaa", "_id" : ObjectId("53d80988097a061372001bfb") }
{ "by" : "manuelklumpp", "room":"teamtreff", "msg" : "find ich irgendwie blöd -.-", "ts" : 1406667144859, "xmppid" : "purpledc036776", "_id" : ObjectId("53d80988097a061372001bfc") }
{ "by" : "manuelklumpp", "room":"teamtreff", "msg" : "^^", "ts" : 1406667150291, "xmppid" : "purpledc036777", "_id" : ObjectId("53d8098e097a061372001bfd") }
{ "by" : "Christoph", "room":"teamtreff", "msg" : "?OTRv2?<span style=\"font-weight: bold;\">lx@teamwiki.de (Jabber) is trying to initiate an encrypted <a href=\"http://en.wikipedia.org/wiki/Off-the-Record_Messaging\">Off-The-Record conversation</a> with you. However, your software does not support Off-The-Record messaging. For more information see <a href=\"http://en.wikipedia.org/wiki/Off-the-Record_Messaging\">http://en.wikipedia.org/wiki/Off-the-Record_Messaging</a></span>", "ts" : 1406672416042, "xmppid" : "14066724175811206618646", "_id" : ObjectId("53d81e20097a061372001bfe") }
{ "by" : "max", "room":"teamtreff", "msg" : "So, so ;) ", "ts" : 1406672461994, "xmppid" : "bfa8b75e-4e68-4265-a1e6-7ecf1f47a32f", "_id" : ObjectId("53d81e4e097a061372001bff") }
{ "by" : "Christoph", "room":"teamtreff", "msg" : "hä", "ts" : 1406672668250, "xmppid" : "4k9QT-71", "_id" : ObjectId("53d81f1c097a061372001c00") }
{ "by" : "Christoph", "room":"teamtreff", "msg" : "hallo", "ts" : 1406672670852, "xmppid" : "4k9QT-72", "_id" : ObjectId("53d81f1e097a061372001c01") }
{ "by" : "manuelklumpp", "room":"teamtreff", "msg" : "seid ihr noch wach?", "ts" : 1406674576254, "xmppid" : "purpledc0367f0", "_id" : ObjectId("53d82690097a061372001c02") }
{ "by" : "Christoph", "room":"teamtreff", "msg" : "ich noch", "ts" : 1406674602639, "xmppid" : "4k9QT-104", "_id" : ObjectId("53d826aa097a061372001c03") }
{ "by" : "max", "room":"teamtreff", "msg" : "Eigentlich nicht ", "ts" : 1406674605279, "xmppid" : "b5fba488-bfbc-4280-b895-8d87744afcdd", "_id" : ObjectId("53d826ad097a061372001c04") }
{ "by" : "manuelklumpp", "room":"teamtreff", "msg" : "Hat jemand von euch einen Satelliten-Finder? So ein Ding was man ins Kabel rein hängt um die beste ausrichtung für den Satelliten zu finden?", "ts" : 1406674757839, "xmppid" : "purpledc0367f3", "_id" : ObjectId("53d82745097a061372001c05") }
{ "by" : "Christoph", "room":"teamtreff", "msg" : "Ich habe sowas immer ohne sowas gemacht", "ts" : 1406674789765, "xmppid" : "4k9QT-107", "_id" : ObjectId("53d82765097a061372001c06") }
{ "by" : "Christoph", "room":"teamtreff", "msg" : "manche receiver haben das intern", "ts" : 1406674807218, "xmppid" : "4k9QT-108", "_id" : ObjectId("53d82777097a061372001c07") }
{ "by" : "manuelklumpp", "room":"teamtreff", "msg" : "Okay - und hast du eine Ahnung, wie viel Signatqualität durch das Koax-Kabel flöten gehen kann?", "ts" : 1406674920873, "xmppid" : "purpledc0367f6", "_id" : ObjectId("53d827e8097a061372001c08") }
{ "by" : "manuelklumpp", "room":"teamtreff", "msg" : ".. weil ich hab mir da zum Testen 30 Meter für 5 € geholt und irgendwie kriege ich nicht mehr als 50% signal hin (angabe aus dem sat-receiver)", "ts" : 1406674969410, "xmppid" : "purpledc0367f8", "_id" : ObjectId("53d82819097a061372001c09") }
{ "by" : "Christoph", "room":"teamtreff", "msg" : "keine ahnung dürfte bei der länge aber vernachlässigbar sein", "ts" : 1406675006523, "xmppid" : "4k9QT-112", "_id" : ObjectId("53d8283e097a061372001c0a") }
{ "by" : "Christoph", "room":"teamtreff", "msg" : "wobei ich nicht weiß wie gut ein 5€ kabel ist", "ts" : 1406675037423, "xmppid" : "4k9QT-113", "_id" : ObjectId("53d8285d097a061372001c0b") }
{ "by" : "manuelklumpp", "room":"teamtreff", "msg" : "und mit den 50% kann ich komischerweise einige englische und französische sender empfangen, aber bei ard und zdf etc. heißt es nur: kein signal :D", "ts" : 1406675091978, "xmppid" : "purpledc0367fa", "_id" : ObjectId("53d82893097a061372001c0c") }
{ "by" : "Christoph", "room":"teamtreff", "msg" : "tss", "ts" : 1406675109053, "xmppid" : "4k9QT-115", "_id" : ObjectId("53d828a5097a061372001c0d") }
{ "by" : "manuelklumpp", "room":"teamtreff", "msg" : "ja, das ist auch nur 2-fach geschirm, die mit guten bewertungen sind alle 4-fach geschirmt..", "ts" : 1406675123443, "xmppid" : "purpledc0367fb", "_id" : ObjectId("53d828b3097a061372001c0e") }
{ "by" : "Christoph", "room":"teamtreff", "msg" : "ich mache jetzt erstmal schluss\ngute nacht", "ts" : 1406675181838, "xmppid" : "4k9QT-117", "_id" : ObjectId("53d828ed097a061372001c0f") }
{ "by" : "manuelklumpp", "room":"teamtreff", "msg" : "verständlich :) Danke dir und gute Nacht.", "ts" : 1406675203213, "xmppid" : "purpledc0367fd", "_id" : ObjectId("53d82903097a061372001c10") }
{ "by" : "max", "room":"teamtreff", "msg" : "elmar, wo bist du?", "ts" : 1406711097136, "xmppid" : "purple1da08b5b", "_id" : ObjectId("53d8b539097a0613720021e2") }
{ "by" : "werkstatt", "room":"teamtreff", "msg" : "huhu", "ts" : 1406724227406, "xmppid" : "dPKUS-27321", "_id" : ObjectId("53d8e883097a061372002897") }
{ "by" : "manuelklumpp", "room":"teamtreff", "msg" : "bei mir steht, dass diese OTR von dir kommen?", "ts" : 1406724299154, "xmppid" : "purplee254c01", "_id" : ObjectId("53d8e8cb097a061372002898") }
{ "by" : "werkstatt", "room":"teamtreff", "msg" : "aha", "ts" : 1406724308243, "xmppid" : "dPKUS-27323", "_id" : ObjectId("53d8e8d4097a061372002899") }
{ "by" : "werkstatt", "room":"teamtreff", "msg" : "ich werde das irgendwann mal untersuchen", "ts" : 1406724314125, "xmppid" : "dPKUS-27324", "_id" : ObjectId("53d8e8da097a06137200289a") }
{ "by" : "manuelklumpp", "room":"teamtreff", "msg" : "stimmt, bist ja momentan im Urlaub (: sorry.", "ts" : 1406724340718, "xmppid" : "purplee254c02", "_id" : ObjectId("53d8e8f4097a06137200289b") }
{ "by" : "manuelklumpp", "room":"teamtreff", "msg" : "sat fernsehen ist übrigens cool, nur so nebenbei bemerkt^^", "ts" : 1406724366031, "xmppid" : "purplee254c03", "_id" : ObjectId("53d8e90e097a06137200289c") }
{ "by" : "manuelklumpp", "room":"teamtreff", "msg" : "auch wenn trotzdem nur plunder läuft in der glotze", "ts" : 1406724385632, "xmppid" : "purplee254c04", "_id" : ObjectId("53d8e921097a06137200289d") }
{ "by" : "werkstatt", "room":"teamtreff", "msg" : "ich benutze mein sat-fernsehen genau genommen fast nie...", "ts" : 1406724482218, "xmppid" : "dPKUS-27326", "_id" : ObjectId("53d8e982097a06137200289e") }
{ "by" : "manuelklumpp", "room":"teamtreff", "msg" : "ich auch nicht :D .. aber mir gefällt das da so eine antenne hin zu schrauben und zack flackerts aufm schirm.", "ts" : 1406724534274, "xmppid" : "purplee254c07", "_id" : ObjectId("53d8e9b6097a06137200289f") }
{ "by" : "manuelklumpp", "room":"teamtreff", "msg" : "Mhm eine Frage.. hat Bringhausen denn nicht einen Kabel-Anschluss?", "ts" : 1406727073016, "xmppid" : "purplee254c30", "_id" : ObjectId("53d8f3a1097a0613720028a0") }
{ "by" : "manuelklumpp", "room":"teamtreff", "msg" : "Bzgl. Einkabelsystem für SAT...\n1. Einführung: http://satellitenempfang.info/einkabel.html\n2. obwohl als \"Murks\" abgestempelt hier eine plausible Beschreibung der Varianten: http://satellitenempfang.info/einkabel2.html", "ts" : 1406727292343, "xmppid" : "purplee254c34", "_id" : ObjectId("53d8f47c097a0613720028a1") }
{ "by" : "manuelklumpp", "room":"teamtreff", "msg" : "Guten Morgen :)", "ts" : 1406793404169, "xmppid" : "xigzX-27", "_id" : ObjectId("53d9f6bc097a0613720028a2") }
{ "by" : "manuelklumpp", "room":"teamtreff", "msg" : "wollen wir evtl. mal über jitsi headset testen?", "ts" : 1406793457281, "xmppid" : "xigzX-28", "_id" : ObjectId("53d9f6f1097a0613720028a3") }
{ "by" : "manuelklumpp", "room":"teamtreff", "msg" : "Bericht Jugendlicher über Internet von 1998 :D https://www.flickr.com/photos/nerdcoreblog/8035746922/sizes/o/in/photostream/", "ts" : 1406793479072, "xmppid" : "xigzX-29", "_id" : ObjectId("53d9f707097a0613720028a4") }
{ "by" : "elmar-mobil", "room":"teamtreff", "msg" : "guten morgen Manuel", "ts" : 1406793537396, "xmppid" : "e2lhK-2342", "_id" : ObjectId("53d9f741097a0613720028a5") }
{ "by" : "elmar-mobil", "room":"teamtreff", "msg" : "max ist gerade unterwegs und bin gerade am aufräumen - hast du was dringendes?", "ts" : 1406793633430, "xmppid" : "e2lhK-2343", "_id" : ObjectId("53d9f7a1097a0613720028a6") }
{ "by" : "manuelklumpp", "room":"teamtreff", "msg" : "Nein, okay dann nicht", "ts" : 1406793647391, "xmppid" : "xigzX-34", "_id" : ObjectId("53d9f7af097a0613720028a7") }
{ "by" : "elmar-mobil", "room":"teamtreff", "msg" : "liest sich echt lustig", "ts" : 1406794060831, "xmppid" : "e2lhK-2344", "_id" : ObjectId("53d9f94c097a0613720028a8") }
{ "by" : "manuelklumpp", "room":"teamtreff", "msg" : "Was macht ihr so?", "ts" : 1406799233373, "xmppid" : "xigzX-127", "_id" : ObjectId("53da0d81097a0613720028a9") }
{ "by" : "max", "room":"teamtreff", "msg" : "Wir haben gerade meier's großes lexikon eingeräumt ", "ts" : 1406799541710, "xmppid" : "ff38c24d-149e-4acb-a452-eb726d4c360c", "_id" : ObjectId("53da0eb5097a0613720028aa") }
{ "by" : "manuelklumpp", "room":"teamtreff", "msg" : "Und dabei kurzerhand auswendig gelernt? ;)", "ts" : 1406799583955, "xmppid" : "xigzX-134", "_id" : ObjectId("53da0edf097a0613720028ab") }
{ "by" : "elmar-mobil", "room":"teamtreff", "msg" : "ich bau mir heute noch schnell eine Küche - damit Max in der früh ausschlafen kann und frühstücken kann, wanns ihm passt", "ts" : 1406799705389, "xmppid" : "e2lhK-2346", "_id" : ObjectId("53da0f59097a0613720028ac") }
{ "by" : "manuelklumpp", "room":"teamtreff", "msg" : ":D .. gut gut - und mit wlechen LLebensmitteln wird die Küche gefüllt? da kann dann Max fürs Frühstück erstmal ein zwei Stunden bis zum nächsten Supermarkt radeln für die Brötchen^^", "ts" : 1406799776855, "xmppid" : "xigzX-138", "_id" : ObjectId("53da0fa0097a0613720028ad") }
{ "by" : "elmar-mobil", "room":"teamtreff", "msg" : "irrtum: um 7:45 hält der Bäcker direkt vor der Haustür", "ts" : 1406799848341, "xmppid" : "e2lhK-2347", "_id" : ObjectId("53da0fe8097a0613720028ae") }
{ "by" : "manuelklumpp", "room":"teamtreff", "msg" : "11:50:29 elmar-mobil hat den Chatraum verlassen chat@chat.teamwiki.de\n11:50:31 elmar-mobil hat den Chatraum betreten chat@chat.teamwiki.de\n12:00:51 elmar-mobil hat den Chatraum verlassen chat@chat.teamwiki.de\n12:00:52 elmar-mobil hat den Chatraum betreten chat@chat.teamwiki.de\n12:03:26 elmar-mobil hat den Chatraum verlassen chat@chat.teamwiki.de\n12:03:42 elmar-mobil hat den Chatraum betreten chat@chat.teamwiki.de\n12:07:58 elmar-mobil hat den Chatraum verlassen chat@chat.teamwiki.de\n12:16:05 elmar-mobil hat den Chatraum betreten chat@chat.teamwiki.de\n12:19:40 elmar-mobil hat den Chatraum verlassen chat@chat.teamwiki.de\n12:23:45 elmar-mobil hat den Chatraum betreten chat@chat.teamwiki.de", "ts" : 1406802267107, "xmppid" : "xigzX-178", "_id" : ObjectId("53da195b097a0613720028af") }
{ "by" : "manuelklumpp", "room":"teamtreff", "msg" : "Interessante Information bzgl. des Stromverbrauchs der Rechner :) ..\nHeruntergefahren: zwischen 0,1 und 0,2 W\nStandby: konstant 2 W\nIn Betrieb: ~40 W", "ts" : 1406806920070, "xmppid" : "xigzX-254", "_id" : ObjectId("53da2b88097a0613720028b0") }
{ "by" : "max", "room":"teamtreff", "msg" : "Wir haben ausgerechnet, dass es damit im Standby ca 6 eur im jahr sind,  und bei dauer an 9 eur im monat - und auf die drei Euro Unterschied kommts dann auch nicht mehr an ;) ", "ts" : 1406842392547, "xmppid" : "d3eb1b61-2d6b-44db-937e-caf3b8349043", "_id" : ObjectId("53dab618097a0613720028b1") }
{ "by" : "elmar-mobil", "room":"teamtreff", "msg" : "das wird uns zwar keiner glauben, aber es sind tatsächlich nur 3euro unterschied - ich hätte auch geglaubt, dass das mehr ausmacht - aber die messgenauigkeit möchte ich naturlich nicht anzweifeln", "ts" : 1406842763966, "xmppid" : "e2lhK-2770", "_id" : ObjectId("53dab78b097a0613720028b2") }
{ "by" : "manuelklumpp", "room":"teamtreff", "msg" : "Glaube nur den Statistiken, die du selbst gefälscht hast :P", "ts" : 1406846222392, "xmppid" : "f831c45c-6b1a-48ea-878e-1282b9f3e324", "_id" : ObjectId("53dac50e097a0613720028b3") }
{ "by" : "manuelklumpp", "room":"teamtreff", "msg" : "Guten Morgen :)", "ts" : 1406888059065, "xmppid" : "af5ee5c6-b3b1-4530-95f8-36261a5414a5", "_id" : ObjectId("53db687b097a0613720f208b") }
{ "by" : "manuelklumpp", "room":"teamtreff", "msg" : "Guten Morgen :)", "ts" : 1406888058748, "xmppid" : "af5ee5c6-b3b1-4530-95f8-36261a5414a5", "_id" : ObjectId("53db687a097a0613720f208a") }
{ "by" : "manuelklumpp", "room":"teamtreff", "msg" : "Bei conversations steht bei mir ewig \"warten...\"", "ts" : 1406888059785, "xmppid" : "c4e7f067-eac8-454d-83e0-e850d4d068b6", "_id" : ObjectId("53db687b097a0613720f208c") }
{ "by" : "manuelklumpp", "room":"teamtreff", "msg" : "Bei conversations steht bei mir ewig \"warten...\"", "ts" : 1406888060050, "xmppid" : "c4e7f067-eac8-454d-83e0-e850d4d068b6", "_id" : ObjectId("53db687c097a0613720f208d") }

